arunroymukherjee@yahoo.com
dilip_kotwal@rediffmail.com
gvaiman@maileity.com
gopalakrishnanmv33@gmail.com
rnswami44@gmail.com
ramakrishnan.krishnamani@wl.com
scagrawal1941@gmail.com
ca_raghavendra@ymail.com
sivamani1935@gmail.com
page  2 

pageno where it about take timeout 3
kvskumaar@live.com
nvr@mpco.in
rnbansal@hotmail.com
manishdhawan22@gmail.com
cs_tsap@yahoo.com
page  3 

pageno where it about take timeout 4
brv32@hotmail.com
brmaheswari@bmco.com
jkbmoorthy@gmail.com
mathew_kanianthra@rediffmail.com
kgsomani@vsnl.com
ramani73682@gmail.com
swaminathan23@yahoo.com
page  4 

pageno where it about take timeout 5
npmanjunatha@gmail.com
krv_kubcocs@sancharnet.in
jardines@cal.vsnl.net.in
girisanp@hotmail.com
chandana.dhar@gmail.com
page  5 

pageno where it about take timeout 6
hhmalgham@hotmail.com
sivara131@gmail.com
kavasseryramakrishnan@gmail.com
ksitalia@vsnl.net
bhandarink@gmail.com
svb@bannari.com
tkb@epmltd.com
page  6 

pageno where it about take timeout 7
bsln27@gmail.com
brady.brad@gems.vsnl.net.in
narinderp@gmail.com
atamparkashchaudhary44@gmail.com
arcponnu@yahoo.co.in
src@msca.in
page  7 

pageno where it about take timeout 8
avasantgadkar@yahoo.co.in
raweri@yahoo.com
r_bharadva@yahoo.co.in
joshi@vsnl.net
page  8 

pageno where it about take timeout 9
dnbhattacharyya@gmail.com
kramamurthi19933@gmail.com
kvdevanathankv@gmail.com
nucleanenterprises@rediffmail.com
rs@rscompany.co.in
rameshwardasdaga@gmail.com
shripad.korde@gmail.com
page  9 

pageno where it about take timeout 10
rkj275@hotmail.com
roopenroy@sumantrana.org
bsrao1940@gmail.com
bksundaram@gmail.com
itcl@cal2.vsnl.net.in
page  10 

pageno where it about take timeout 11
amfadia@mehtagroup.com
naseshadri@hotmail.com
rkassociates60@rediffmail.com
scgarg1948@yahoo.co.in
sseth@bflpune.com
page  11 

pageno where it about take timeout 12
bijoyagar@yahoo.co.in
mriyer59@gmail.com
kchandrasekhara@gmail.com
raonm704@yahoo.com
sviswanathan_s@yahoo.co.uk
page  12 

pageno where it about take timeout 13
raocnr@gmail.com
gopal.krishnan@parle.biz
sadbhavanamsr@gmail.com
scsinghal@indiantoners.com
page  13 

pageno where it about take timeout 14
mlac@zodiacmtc.com
grbngp@gmail.com
kramanunni@hotmail.com
ajmerakamalnayan@yahoo.com
mahabir101@yahoo.in
praveen.shah@yahoo.ca
ksnpowai@hotmail.com
page  14 

pageno where it about take timeout 15
dharampauldave@yahoo.co.in
mnramdas@hotmail.com
srinivandal@yahoo.com
svraman47@yahoo.com
vrajinagarajan@yahoo.co.in
page  15 

pageno where it about take timeout 16
apvitthal@gmail.com
dna1947@rediffmail.com
easmanian39@yahoo.com
agarwal24d@yahoo.co.in
kanghar@vsnl.com
nrk@smhpcl.com
srm10031938@gmail.com
bhattvirendra1945@yahoo.co.in
page  16 

pageno where it about take timeout 17
dvverma@rediffmail.com
jcg@tipco.in
andconp@yahoo.co.uk
yesorraj2005@yahoo.com
nanu@snmail.org
snarang20@gmail.com
swpworks@mantraonline.com
banerjee.kumar.tapan@gmail.com
page  17 

